TN:
SF:Task-01\01\index.ts
FN:1,formatString
FNF:1
FNH:1
FNDA:2,formatString
DA:1,1
DA:2,2
DA:3,1
DA:6,1
LF:4
LH:4
BRDA:2,0,0,1
BRF:1
BRH:1
end_of_record
TN:
SF:Task-01\02\index.ts
FN:1,sum
FNF:1
FNH:1
FNDA:7,sum
DA:1,1
DA:2,7
DA:3,2
DA:6,5
DA:7,2
DA:10,3
DA:11,2
DA:14,1
LF:8
LH:8
BRDA:2,0,0,2
BRDA:2,1,0,7
BRDA:2,1,1,6
BRDA:6,2,0,2
BRDA:6,3,0,5
BRDA:6,3,1,4
BRDA:10,4,0,2
BRDA:10,5,0,3
BRDA:10,5,1,2
BRF:9
BRH:9
end_of_record
TN:
SF:Task-01\03\index.ts
FN:1,yesNo
FNF:1
FNH:1
FNDA:4,yesNo
DA:1,1
DA:2,4
DA:3,1
DA:6,3
DA:7,1
DA:10,2
DA:11,1
DA:14,1
LF:8
LH:8
BRDA:2,0,0,1
BRDA:6,1,0,1
BRDA:10,2,0,1
BRF:3
BRH:3
end_of_record
TN:
SF:Task-01\04\index.ts
FN:1,howCanIHelpYou
FNF:1
FNH:1
FNDA:3,howCanIHelpYou
DA:1,1
DA:8,3
DA:9,2
DA:12,1
LF:4
LH:4
BRDA:8,0,0,2
BRDA:8,1,0,3
BRDA:8,1,1,2
BRF:3
BRH:3
end_of_record
TN:
SF:Task-01\05\index.ts
FN:1,formatSeconds
FNF:1
FNH:1
FNDA:4,formatSeconds
DA:1,1
DA:2,4
DA:3,1
DA:6,3
DA:7,1
DA:10,2
DA:11,1
DA:14,1
DA:15,1
DA:16,1
DA:18,1
DA:19,2
DA:20,2
DA:23,1
DA:24,7
DA:25,7
DA:28,1
DA:29,33
DA:30,33
DA:33,1
LF:20
LH:20
BRDA:2,0,0,1
BRDA:6,1,0,1
BRDA:10,2,0,1
BRF:3
BRH:3
end_of_record
TN:
SF:Task-01\06\index.ts
FN:1,isLeapYear
FNF:1
FNH:1
FNDA:6,isLeapYear
DA:1,1
DA:2,6
DA:3,1
DA:6,5
DA:7,1
DA:10,4
DA:11,1
DA:14,3
DA:15,1
DA:18,2
DA:19,1
DA:22,1
LF:12
LH:12
BRDA:2,0,0,1
BRDA:6,1,0,1
BRDA:10,2,0,1
BRDA:14,3,0,1
BRDA:18,4,0,1
BRDA:18,5,0,2
BRDA:18,5,1,1
BRDA:18,5,2,1
BRF:8
BRH:8
end_of_record
TN:
SF:Task-01\07\index.ts
FN:1,operationResult
FNF:1
FNH:1
FNDA:7,operationResult
DA:1,1
DA:10,7
DA:11,1
DA:14,6
DA:15,1
DA:18,5
DA:19,1
DA:22,4
DA:23,1
DA:26,3
DA:27,1
DA:30,2
DA:31,1
DA:34,1
DA:35,1
LF:15
LH:15
BRDA:10,0,0,1
BRDA:10,1,0,7
BRDA:10,1,1,6
BRDA:14,2,0,1
BRDA:18,3,0,1
BRDA:18,4,0,5
BRDA:18,4,1,2
BRDA:22,5,0,1
BRDA:26,6,0,1
BRDA:30,7,0,1
BRDA:34,8,0,1
BRF:11
BRH:11
end_of_record
TN:
SF:Task-01\08\index.ts
FN:10,calculateAverageGrade
FN:20,(anonymous_1)
FN:26,(anonymous_2)
FN:30,(anonymous_3)
FNF:4
FNH:4
FNDA:4,calculateAverageGrade
FNDA:19,(anonymous_1)
FNDA:8,(anonymous_2)
FNDA:6,(anonymous_3)
DA:10,1
DA:18,4
DA:20,19
DA:23,1
DA:26,8
DA:27,1
DA:30,6
DA:31,1
DA:34,1
DA:35,1
DA:36,1
DA:37,1
DA:38,1
DA:40,1
LF:14
LH:14
BRDA:18,0,0,1
BRDA:26,1,0,1
BRDA:30,2,0,1
BRF:3
BRH:3
end_of_record
